2025-06-28T10:41:26.023+05:30  INFO 18756 --- [Book] [main] bookstore.BookApplication                : Starting BookApplication using Java 22.0.2 with PID 18756 (D:\incturecom\Book\target\classes started by prath in D:\incturecom\Book)
2025-06-28T10:41:26.025+05:30 DEBUG 18756 --- [Book] [main] bookstore.BookApplication                : Running with Spring Boot v3.5.3, Spring v6.2.8
2025-06-28T10:41:26.026+05:30  INFO 18756 --- [Book] [main] bookstore.BookApplication                : No active profile set, falling back to 1 default profile: "default"
2025-06-28T10:41:26.922+05:30  INFO 18756 --- [Book] [main] .s.d.r.c.RepositoryConfigurationDelegate : Bootstrapping Spring Data JPA repositories in DEFAULT mode.
2025-06-28T10:41:27.005+05:30  INFO 18756 --- [Book] [main] .s.d.r.c.RepositoryConfigurationDelegate : Finished Spring Data repository scanning in 66 ms. Found 1 JPA repository interface.
2025-06-28T10:41:27.712+05:30  INFO 18756 --- [Book] [main] o.s.b.w.embedded.tomcat.TomcatWebServer  : Tomcat initialized with port 8084 (http)
2025-06-28T10:41:27.733+05:30  INFO 18756 --- [Book] [main] o.apache.catalina.core.StandardService   : Starting service [Tomcat]
2025-06-28T10:41:27.734+05:30  INFO 18756 --- [Book] [main] o.apache.catalina.core.StandardEngine    : Starting Servlet engine: [Apache Tomcat/10.1.42]
2025-06-28T10:41:27.793+05:30  INFO 18756 --- [Book] [main] o.a.c.c.C.[Tomcat].[localhost].[/]       : Initializing Spring embedded WebApplicationContext
2025-06-28T10:41:27.794+05:30  INFO 18756 --- [Book] [main] w.s.c.ServletWebServerApplicationContext : Root WebApplicationContext: initialization completed in 1705 ms
2025-06-28T10:41:27.986+05:30  INFO 18756 --- [Book] [main] o.hibernate.jpa.internal.util.LogHelper  : HHH000204: Processing PersistenceUnitInfo [name: default]
2025-06-28T10:41:28.049+05:30  INFO 18756 --- [Book] [main] org.hibernate.Version                    : HHH000412: Hibernate ORM core version 6.6.18.Final
2025-06-28T10:41:28.081+05:30  INFO 18756 --- [Book] [main] o.h.c.internal.RegionFactoryInitiator    : HHH000026: Second-level cache disabled
2025-06-28T10:41:28.417+05:30  INFO 18756 --- [Book] [main] o.s.o.j.p.SpringPersistenceUnitInfo      : No LoadTimeWeaver setup: ignoring JPA class transformer
2025-06-28T10:41:28.469+05:30  INFO 18756 --- [Book] [main] com.zaxxer.hikari.HikariDataSource       : test - Starting...
2025-06-28T10:41:29.104+05:30  INFO 18756 --- [Book] [main] com.zaxxer.hikari.pool.HikariPool        : test - Added connection com.mysql.cj.jdbc.ConnectionImpl@2d73767e
2025-06-28T10:41:29.108+05:30  INFO 18756 --- [Book] [main] com.zaxxer.hikari.HikariDataSource       : test - Start completed.
2025-06-28T10:41:29.185+05:30  WARN 18756 --- [Book] [main] org.hibernate.orm.deprecation            : HHH90000025: MySQL8Dialect does not need to be specified explicitly using 'hibernate.dialect' (remove the property setting and it will be selected by default)
2025-06-28T10:41:29.186+05:30  WARN 18756 --- [Book] [main] org.hibernate.orm.deprecation            : HHH90000026: MySQL8Dialect has been deprecated; use org.hibernate.dialect.MySQLDialect instead
2025-06-28T10:41:29.209+05:30  INFO 18756 --- [Book] [main] org.hibernate.orm.connections.pooling    : HHH10001005: Database info:
	Database JDBC URL [Connecting through datasource 'HikariDataSource (test)']
	Database driver: undefined/unknown
	Database version: 8.0
	Autocommit mode: undefined/unknown
	Isolation level: undefined/unknown
	Minimum pool size: undefined/unknown
	Maximum pool size: undefined/unknown
2025-06-28T10:41:30.222+05:30  INFO 18756 --- [Book] [main] o.h.e.t.j.p.i.JtaPlatformInitiator       : HHH000489: No JTA platform available (set 'hibernate.transaction.jta.platform' to enable JTA platform integration)
2025-06-28T10:41:30.336+05:30  INFO 18756 --- [Book] [main] j.LocalContainerEntityManagerFactoryBean : Initialized JPA EntityManagerFactory for persistence unit 'default'
2025-06-28T10:41:30.592+05:30  WARN 18756 --- [Book] [main] JpaBaseConfiguration$JpaWebConfiguration : spring.jpa.open-in-view is enabled by default. Therefore, database queries may be performed during view rendering. Explicitly configure spring.jpa.open-in-view to disable this warning
2025-06-28T10:41:31.222+05:30  INFO 18756 --- [Book] [main] o.s.b.w.embedded.tomcat.TomcatWebServer  : Tomcat started on port 8084 (http) with context path '/'
2025-06-28T10:41:31.239+05:30  INFO 18756 --- [Book] [main] bookstore.BookApplication                : Started BookApplication in 6.258 seconds (process running for 7.841)
2025-06-28T10:41:39.608+05:30  INFO 18756 --- [Book] [http-nio-8084-exec-1] o.a.c.c.C.[Tomcat].[localhost].[/]       : Initializing Spring DispatcherServlet 'dispatcherServlet'
2025-06-28T10:41:39.609+05:30  INFO 18756 --- [Book] [http-nio-8084-exec-1] o.s.web.servlet.DispatcherServlet        : Initializing Servlet 'dispatcherServlet'
2025-06-28T10:41:39.612+05:30  INFO 18756 --- [Book] [http-nio-8084-exec-1] o.s.web.servlet.DispatcherServlet        : Completed initialization in 3 ms
2025-06-28T10:41:39.791+05:30  INFO 18756 --- [Book] [http-nio-8084-exec-1] bookstore.service.BookService            : adding Book to the dadabase 
2025-06-28T10:41:39.791+05:30 ERROR 18756 --- [Book] [http-nio-8084-exec-1] bookstore.service.BookService            : adding Book to the dadabase 
2025-06-28T10:41:39.791+05:30  WARN 18756 --- [Book] [http-nio-8084-exec-1] bookstore.service.BookService            : adding Book to the dadabase 
2025-06-28T10:41:39.793+05:30 TRACE 18756 --- [Book] [http-nio-8084-exec-1] bookstore.service.BookService            : adding Book to the dadabase 
2025-06-28T10:41:39.793+05:30 DEBUG 18756 --- [Book] [http-nio-8084-exec-1] bookstore.service.BookService            : adding Book to the dadabase 
2025-06-28T10:43:41.212+05:30  INFO 18756 --- [Book] [RMI TCP Connection(6)-127.0.0.1] inMXBeanRegistrar$SpringApplicationAdmin : Application shutdown requested.
2025-06-28T10:43:41.215+05:30  INFO 18756 --- [Book] [RMI TCP Connection(6)-127.0.0.1] o.s.b.w.e.tomcat.GracefulShutdown        : Commencing graceful shutdown. Waiting for active requests to complete
2025-06-28T10:43:41.219+05:30  INFO 18756 --- [Book] [tomcat-shutdown] o.s.b.w.e.tomcat.GracefulShutdown        : Graceful shutdown complete
2025-06-28T10:43:41.222+05:30  INFO 18756 --- [Book] [RMI TCP Connection(6)-127.0.0.1] j.LocalContainerEntityManagerFactoryBean : Closing JPA EntityManagerFactory for persistence unit 'default'
2025-06-28T10:43:41.223+05:30  INFO 18756 --- [Book] [RMI TCP Connection(6)-127.0.0.1] com.zaxxer.hikari.HikariDataSource       : test - Shutdown initiated...
2025-06-28T10:43:41.230+05:30  INFO 18756 --- [Book] [RMI TCP Connection(6)-127.0.0.1] com.zaxxer.hikari.HikariDataSource       : test - Shutdown completed.
